C51 COMPILER V9.54   MAIN                                                                  08/08/2024 20:47:12 PAGE 1   


C51 COMPILER V9.54, COMPILATION OF MODULE MAIN
OBJECT MODULE PLACED IN .\Objects\main.obj
COMPILER INVOKED BY: F:\keli5\C51\BIN\C51.EXE main.c OPTIMIZE(8,SPEED) BROWSE DEBUG OBJECTEXTEND PRINT(.\Listings\main.l
                    -st) TABS(2) OBJECT(.\Objects\main.obj)

line level    source

   1          #include <REGX52.H>
   2          #include <INTRINS.H>
   3          void Delay(unsigned int xms)    //@11.0592MHz
   4          {
   5   1        unsigned char i, j;
   6   1        while(xms)
   7   1        {
   8   2          _nop_();
   9   2          i = 2;
  10   2          j = 199;
  11   2          do
  12   2          {
  13   3            while (--j);
  14   3          } while (--i);
  15   2          xms--;
  16   2        }
  17   1      }
  18          
  19          void main()
  20          {
  21   1       unsigned char LEDNum=0;
  22   1        while(1)
  23   1        {
  24   2            if(P3_1==0)//an xia le
  25   2            {
  26   3              Delay(20);//xiao dou
  27   3              while(P3_1==0);//如果发现没有松开手那就进入循环一直到松手 
  28   3              Delay(20);
  29   3              //上面都是按键消抖
  30   3              //1111 1111
  31   3              LEDNum++;
  32   3              P2=~LEDNum;//1111 1111
  33   3            }
  34   2        }
  35   1      
  36   1      }


MODULE INFORMATION:   STATIC OVERLAYABLE
   CODE SIZE        =     50    ----
   CONSTANT SIZE    =   ----    ----
   XDATA SIZE       =   ----    ----
   PDATA SIZE       =   ----    ----
   DATA SIZE        =   ----    ----
   IDATA SIZE       =   ----    ----
   BIT SIZE         =   ----    ----
END OF MODULE INFORMATION.


C51 COMPILATION COMPLETE.  0 WARNING(S),  0 ERROR(S)
