C51 COMPILER V9.54   MAIN                                                                  08/12/2024 19:03:43 PAGE 1   


C51 COMPILER V9.54, COMPILATION OF MODULE MAIN
OBJECT MODULE PLACED IN .\Objects\main.obj
COMPILER INVOKED BY: F:\keli5\C51\BIN\C51.EXE main.c OPTIMIZE(8,SPEED) BROWSE DEBUG OBJECTEXTEND PRINT(.\Listings\main.l
                    -st) TABS(2) OBJECT(.\Objects\main.obj)

line level    source

   1          #include <REGX52.H>
   2          
   3          int main()
   4          {
   5   1        //P2是位选，选择101―>Y5 亮LED6（注意LED灯 从右到左分别是LED12345678）
   6   1        P2_4=1;
   7   1        P2_3=0;
   8   1        P2_2=1;
   9   1        //P0是段选，选择显示‘6’这个数字，a c d e f g,对应P07-P00（从高位开始读）是0111 1101 即7 D
  10   1        P0=0x7D;
  11   1        while(1)
  12   1        {
  13   2        
  14   2          
  15   2        }
  16   1      }


MODULE INFORMATION:   STATIC OVERLAYABLE
   CODE SIZE        =     11    ----
   CONSTANT SIZE    =   ----    ----
   XDATA SIZE       =   ----    ----
   PDATA SIZE       =   ----    ----
   DATA SIZE        =   ----    ----
   IDATA SIZE       =   ----    ----
   BIT SIZE         =   ----    ----
END OF MODULE INFORMATION.


C51 COMPILATION COMPLETE.  0 WARNING(S),  0 ERROR(S)
