C51 COMPILER V9.54   MAIN                                                                  08/17/2024 02:14:36 PAGE 1   


C51 COMPILER V9.54, COMPILATION OF MODULE MAIN
OBJECT MODULE PLACED IN .\Objects\main.obj
COMPILER INVOKED BY: F:\keli5\C51\BIN\C51.EXE main.c OPTIMIZE(8,SPEED) BROWSE DEBUG OBJECTEXTEND PRINT(.\Listings\main.l
                    -st) TABS(2) OBJECT(.\Objects\main.obj)

line level    source

   1          #include <REGX52.H>
   2          #include "LCD1602.h"
   3          #include "DS1302.h"
   4          
   5          
   6          void main()
   7          {
   8   1        LCD_Init();//把LCD模块初始化
   9   1        DS1302_Init();//把DS1302芯片初始化
  10   1        LCD_ShowString(1,1,"  -  -  ");//LCD中显示日期之间的符号
  11   1        LCD_ShowString(2,1,"  :  :  ");//LCD中显示时间之间的符号
  12   1        
  13   1        DS1302_SetTime();//设置一个初始时间
  14   1        
  15   1        while(1)
  16   1        {
  17   2          DS1302_ReadTime();//读出通过芯片计算后的时间
  18   2          LCD_ShowNum(1,1,DS1302_TIME[0],2);//在LCD中显示通过芯片计算后的时间
  19   2          LCD_ShowNum(1,4,DS1302_TIME[1],2);
  20   2          LCD_ShowNum(1,7,DS1302_TIME[2],2);
  21   2          LCD_ShowNum(2,1,DS1302_TIME[3],2);
  22   2          LCD_ShowNum(2,4,DS1302_TIME[4],2);
  23   2          LCD_ShowNum(2,7,DS1302_TIME[5],2);
  24   2      
  25   2        
  26   2        }
  27   1      }


MODULE INFORMATION:   STATIC OVERLAYABLE
   CODE SIZE        =    130    ----
   CONSTANT SIZE    =     18    ----
   XDATA SIZE       =   ----    ----
   PDATA SIZE       =   ----    ----
   DATA SIZE        =   ----    ----
   IDATA SIZE       =   ----    ----
   BIT SIZE         =   ----    ----
END OF MODULE INFORMATION.


C51 COMPILATION COMPLETE.  0 WARNING(S),  0 ERROR(S)
