C51 COMPILER V9.54   MAIN                                                                  08/08/2024 19:29:33 PAGE 1   


C51 COMPILER V9.54, COMPILATION OF MODULE MAIN
OBJECT MODULE PLACED IN .\Objects\main.obj
COMPILER INVOKED BY: F:\keli5\C51\BIN\C51.EXE main.c OPTIMIZE(8,SPEED) BROWSE DEBUG OBJECTEXTEND PRINT(.\Listings\main.l
                    -st) TABS(2) OBJECT(.\Objects\main.obj)

line level    source

   1          #include <REGX52.H>
   2          #include <INTRINS.H>
   3          void Delay500ms()   //@11.0592MHz
   4          {
   5   1        unsigned char i, j, k;
   6   1      
   7   1        _nop_();
   8   1        i = 4;
   9   1        j = 129;
  10   1        k = 119;
  11   1        do
  12   1        {
  13   2          do
  14   2          {
  15   3            while (--k);
  16   3          } while (--j);
  17   2        } while (--i);
  18   1      }
  19          
  20          void main()
  21          {
  22   1        while(1)
  23   1        {
  24   2            P2=0xFE;//1111 1110
  25   2            Delay500ms();
  26   2            P2=0xFD;//1111 1101
  27   2            Delay500ms();
  28   2            P2=0xFB;//1111 1011
  29   2            Delay500ms();
  30   2            P2=0xF7;//1111 0111
  31   2            Delay500ms();
  32   2            P2=0xEF;//1110 1111
  33   2            Delay500ms();
  34   2            P2=0xDF;//1101 1111
  35   2            Delay500ms();
  36   2            P2=0xBF;//1011 1111
  37   2            Delay500ms();
  38   2            P2=0x7F;//0111 1111
  39   2            Delay500ms();
  40   2          
  41   2        }
  42   1      
  43   1      }


MODULE INFORMATION:   STATIC OVERLAYABLE
   CODE SIZE        =     64    ----
   CONSTANT SIZE    =   ----    ----
   XDATA SIZE       =   ----    ----
   PDATA SIZE       =   ----    ----
   DATA SIZE        =   ----    ----
   IDATA SIZE       =   ----    ----
   BIT SIZE         =   ----    ----
END OF MODULE INFORMATION.

C51 COMPILER V9.54   MAIN                                                                  08/08/2024 19:29:33 PAGE 2   


C51 COMPILATION COMPLETE.  0 WARNING(S),  0 ERROR(S)
