C51 COMPILER V9.54   KEY                                                                   08/19/2024 23:09:56 PAGE 1   


C51 COMPILER V9.54, COMPILATION OF MODULE KEY
OBJECT MODULE PLACED IN .\Objects\Key.obj
COMPILER INVOKED BY: F:\keli5\C51\BIN\C51.EXE Key.c OPTIMIZE(8,SPEED) BROWSE DEBUG OBJECTEXTEND PRINT(.\Listings\Key.lst
                    -) TABS(2) OBJECT(.\Objects\Key.obj)

line level    source

   1          #include <REGX52.H>
   2          #include "Delay.h"
   3          
   4          unsigned char Key_KeyNumber;
   5          
   6          unsigned char Key(void)
   7          {
   8   1        unsigned char Temp;
   9   1        Temp=Key_KeyNumber;
  10   1        Key_KeyNumber=0;
  11   1        return Key_KeyNumber;
  12   1      }
  13            
  14          unsigned char Key_GetState()
  15          {
  16   1          unsigned char KeyNumber=0;
  17   1          if(P3_1==0){KeyNumber=1;}
  18   1          if(P3_0==0){KeyNumber=2;}
  19   1          if(P3_2==0){KeyNumber=3;}
  20   1          if(P3_3==0){KeyNumber=4;}
  21   1          return KeyNumber;
  22   1      }
  23          
  24          void Key_Loop(void)
  25          {
  26   1        static unsigned char NowState,LastState;
  27   1        LastState=NowState;
  28   1        NowState=Key_GetState();
  29   1        if(LastState==1 && NowState==0)
  30   1        {
  31   2          Key_KeyNumber=1;
  32   2        }
  33   1        if(LastState==2 && NowState==0)
  34   1        {
  35   2          Key_KeyNumber=2;
  36   2        }
  37   1        if(LastState==3 && NowState==0)
  38   1        {
  39   2          Key_KeyNumber=3;
  40   2        }
  41   1        if(LastState==4 && NowState==0)
  42   1        {
  43   2          Key_KeyNumber=4;
  44   2        }
  45   1      }


MODULE INFORMATION:   STATIC OVERLAYABLE
   CODE SIZE        =     88    ----
   CONSTANT SIZE    =   ----    ----
   XDATA SIZE       =   ----    ----
   PDATA SIZE       =   ----    ----
   DATA SIZE        =      3       1
   IDATA SIZE       =   ----    ----
C51 COMPILER V9.54   KEY                                                                   08/19/2024 23:09:56 PAGE 2   

   BIT SIZE         =   ----    ----
END OF MODULE INFORMATION.


C51 COMPILATION COMPLETE.  0 WARNING(S),  0 ERROR(S)
