C51 COMPILER V9.54   MAIN                                                                  08/19/2024 23:09:55 PAGE 1   


C51 COMPILER V9.54, COMPILATION OF MODULE MAIN
OBJECT MODULE PLACED IN .\Objects\main.obj
COMPILER INVOKED BY: F:\keli5\C51\BIN\C51.EXE main.c OPTIMIZE(8,SPEED) BROWSE DEBUG OBJECTEXTEND PRINT(.\Listings\main.l
                    -st) TABS(2) OBJECT(.\Objects\main.obj)

line level    source

   1          #include <REGX52.H>
   2          #include "Timer0.h"
   3          #include "Key.h"
   4          #include "Nixie.h"
   5          #include "Delay.h"
   6          
   7          unsigned char KeyNum,Temp;
   8          
   9          void Timer0_Init(void);
  10          
  11          void main()
  12          {
  13   1        Timer0_Init();
  14   1        while(1)
  15   1        {
  16   2          KeyNum=Key();
  17   2          if(KeyNum)Temp=KeyNum;
  18   2          Nixie(1,Temp);
  19   2          Delay(100);
  20   2        }
  21   1      }
  22          
  23          
  24          void Timer0_Routine() interrupt 1
  25          {
  26   1          static unsigned int T0Count;
  27   1          TL0 = 0x66;   //设置定时初值
  28   1          TH0 = 0xFC;   //设置定时初值
  29   1          T0Count++;
  30   1          if(T0Count>=20)
  31   1          {
  32   2            T0Count=0;
  33   2            Key_Loop();
  34   2          }
  35   1      }


MODULE INFORMATION:   STATIC OVERLAYABLE
   CODE SIZE        =    121    ----
   CONSTANT SIZE    =   ----    ----
   XDATA SIZE       =   ----    ----
   PDATA SIZE       =   ----    ----
   DATA SIZE        =      4    ----
   IDATA SIZE       =   ----    ----
   BIT SIZE         =   ----    ----
END OF MODULE INFORMATION.


C51 COMPILATION COMPLETE.  0 WARNING(S),  0 ERROR(S)
