C51 COMPILER V9.54   MAIN                                                                  08/08/2024 20:56:37 PAGE 1   


C51 COMPILER V9.54, COMPILATION OF MODULE MAIN
OBJECT MODULE PLACED IN .\Objects\main.obj
COMPILER INVOKED BY: F:\keli5\C51\BIN\C51.EXE main.c OPTIMIZE(8,SPEED) BROWSE DEBUG OBJECTEXTEND PRINT(.\Listings\main.l
                    -st) TABS(2) OBJECT(.\Objects\main.obj)

line level    source

   1          #include <REGX52.H>
   2          #include <INTRINS.H>
   3          void Delay(unsigned int xms)    //@11.0592MHz
   4          {
   5   1        unsigned char i, j;
   6   1        while(xms)
   7   1        {
   8   2          _nop_();
   9   2          i = 2;
  10   2          j = 199;
  11   2          do
  12   2          {
  13   3            while (--j);
  14   3          } while (--i);
  15   2          xms--;
  16   2        }
  17   1      }
  18          
  19          void main()
  20          {
  21   1       unsigned char LEDNum=0;
  22   1        P2=~(0x01);//p2=1111 1110
  23   1        while(1)
  24   1        {
  25   2          //k1
  26   2            if(P3_1==0)//an xia le
  27   2            {
  28   3              Delay(20);//xiao dou
  29   3              while(P3_1==0);//如果发现没有松开手那就进入循环一直到松手 
  30   3              Delay(20);
  31   3              //上面都是按键消抖
  32   3              //以下为右移位操作
  33   3              LEDNum++;
  34   3              if(LEDNum>=8)LEDNum=0;
  35   3              P2=~(0x01<<LEDNum);
  36   3            }
  37   2            //k2
  38   2            if(P3_0==0)//an xia le
  39   2            {
  40   3              Delay(20);//xiao dou
  41   3              while(P3_0==0);//如果发现没有松开手那就进入循环一直到松手 
  42   3              Delay(20);
  43   3              //上面都是按键消抖
  44   3              //以下为左移位操作 
  45   3              if(LEDNum==0)LEDNum=7;
  46   3              else LEDNum--;
  47   3              P2=~(0x01<<LEDNum);
  48   3            }
  49   2        }
  50   1      
  51   1      }


MODULE INFORMATION:   STATIC OVERLAYABLE
C51 COMPILER V9.54   MAIN                                                                  08/08/2024 20:56:37 PAGE 2   

   CODE SIZE        =    101    ----
   CONSTANT SIZE    =   ----    ----
   XDATA SIZE       =   ----    ----
   PDATA SIZE       =   ----    ----
   DATA SIZE        =   ----    ----
   IDATA SIZE       =   ----    ----
   BIT SIZE         =   ----    ----
END OF MODULE INFORMATION.


C51 COMPILATION COMPLETE.  0 WARNING(S),  0 ERROR(S)
