C51 COMPILER V9.54   MAIN                                                                  08/17/2024 20:49:33 PAGE 1   


C51 COMPILER V9.54, COMPILATION OF MODULE MAIN
OBJECT MODULE PLACED IN .\Objects\main.obj
COMPILER INVOKED BY: F:\keli5\C51\BIN\C51.EXE main.c OPTIMIZE(8,SPEED) BROWSE DEBUG OBJECTEXTEND PRINT(.\Listings\main.l
                    -st) TABS(2) OBJECT(.\Objects\main.obj)

line level    source

   1          #include <REGX52.H>
   2          #include "Delay.h"
   3          #include "Timer0.h"
   4          
   5          sbit Buzzer=P2^5;
   6          
   7          #define SPEED   500
   8          
   9          //索引与频率对照表
  10          unsigned int FreqTable[]={
  11            0,
  12            63628,63731,63835,63928,64021,64103,64185,64260,64331,64400,64463,64528,
  13            64580,64633,64684,64732,64777,64820,64860,64898,64934,64968,65000,65030,
  14            65058,65085,65110,65134,65157,65178,65198,65217,65235,65252,65268,65283,
  15          };
  16          
  17          
  18          unsigned  char Music[]={
  19          13,4,
  20          13,4,
  21          20,4,
  22          20,4,
  23          22,4,
  24          22,4,
  25          20,4+4,
  26          0,4,
  27          18,4,
  28          18,4,
  29          17,4,
  30          17,4,
  31          15,4,
  32          15,4,
  33          13,4+4,
  34          0xFF
  35          };
  36          
  37          unsigned char FreqSelect,MusicSelect;
  38          
  39          void main()
  40          {
  41   1        Timer0Init();
  42   1        while(1)
  43   1        {
  44   2          if(Music[MusicSelect]!=0xFF)
  45   2          {
  46   3            FreqSelect=Music[MusicSelect];
  47   3            MusicSelect++;
  48   3            Delay(SPEED/4*Music[MusicSelect]);
  49   3            MusicSelect++;
  50   3            TR0=0;
  51   3            Delay(5);
  52   3            TR0=1;
  53   3          }
  54   2          else
C51 COMPILER V9.54   MAIN                                                                  08/17/2024 20:49:33 PAGE 2   

  55   2          {
  56   3            TR0=0;
  57   3            while(1);
  58   3          }
  59   2        }
  60   1      }
  61          
  62          
  63          void Timer0_Routine() interrupt 1
  64          {
  65   1          if(FreqTable[FreqSelect])//如果不是休止符就运行振动
  66   1          {
  67   2            TL0 = FreqTable[FreqSelect]%256;    //设置定时初值
  68   2            TH0 = FreqTable[FreqSelect]/256;    //设置定时初值
  69   2            Buzzer=!Buzzer;//蜂鸣器
  70   2          }
  71   1            
  72   1          
  73   1      }


MODULE INFORMATION:   STATIC OVERLAYABLE
   CODE SIZE        =    104    ----
   CONSTANT SIZE    =   ----    ----
   XDATA SIZE       =   ----    ----
   PDATA SIZE       =   ----    ----
   DATA SIZE        =    107    ----
   IDATA SIZE       =   ----    ----
   BIT SIZE         =   ----    ----
END OF MODULE INFORMATION.


C51 COMPILATION COMPLETE.  0 WARNING(S),  0 ERROR(S)
