C51 COMPILER V9.54   BUZZER                                                                08/17/2024 19:00:19 PAGE 1   


C51 COMPILER V9.54, COMPILATION OF MODULE BUZZER
OBJECT MODULE PLACED IN .\Objects\Buzzer.obj
COMPILER INVOKED BY: F:\keli5\C51\BIN\C51.EXE Buzzer.c OPTIMIZE(8,SPEED) BROWSE DEBUG OBJECTEXTEND PRINT(.\Listings\Buzz
                    -er.lst) TABS(2) OBJECT(.\Objects\Buzzer.obj)

line level    source

   1          #include <REGX52.H>
   2          #include "Delay.h"
   3          #include "INTRINS.H"
   4          
   5          //蜂鸣器端口
   6          sbit Buzzer=P2^5;//把蜂鸣器的地址选好，根据原理图得出
   7          
   8          
   9          /**
  10            * @brief  蜂鸣器私有延迟函数，延时500微秒
  11            * @param  无
  12            * @retval 无
  13            */
  14          void Buzzer_Delay500us()    //@11.0592MHz
  15          {
  16   1        unsigned char i;
  17   1      
  18   1        _nop_();
  19   1        i = 227;
  20   1        while (--i);
  21   1      }
  22          
  23          /**
  24            * @brief  蜂鸣器发声
  25            * @param  ms 发声的时长
  26            * @retval 无
  27            */
  28          
  29          void Buzzer_Time(unsigned int ms)
  30          {
  31   1            unsigned int i;
  32   1            for(i=0;i<ms*2;i++)//响ms毫秒
  33   1            {
  34   2                Buzzer=!Buzzer;//翻转发出声音,翻转一次不行
  35   2                Buzzer_Delay500us();//每隔500微秒翻转一次，一正一反为一个周期得出周期是1毫秒，频率是1000hz
  36   2                //Delay(1);//每隔一毫秒翻转一次，一正一反为一个周期得出周期是两毫秒，频率是500hz
  37   2            }
  38   1      }


MODULE INFORMATION:   STATIC OVERLAYABLE
   CODE SIZE        =     40    ----
   CONSTANT SIZE    =   ----    ----
   XDATA SIZE       =   ----    ----
   PDATA SIZE       =   ----    ----
   DATA SIZE        =   ----    ----
   IDATA SIZE       =   ----    ----
   BIT SIZE         =   ----    ----
END OF MODULE INFORMATION.


C51 COMPILATION COMPLETE.  0 WARNING(S),  0 ERROR(S)
