C51 COMPILER V9.54   MAIN                                                                  08/12/2024 20:26:20 PAGE 1   


C51 COMPILER V9.54, COMPILATION OF MODULE MAIN
OBJECT MODULE PLACED IN .\Objects\main.obj
COMPILER INVOKED BY: F:\keli5\C51\BIN\C51.EXE main.c OPTIMIZE(8,SPEED) BROWSE DEBUG OBJECTEXTEND PRINT(.\Listings\main.l
                    -st) TABS(2) OBJECT(.\Objects\main.obj)

line level    source

   1          #include <REGX52.H>
   2          #include "LCD1602.h"
   3          void main()
   4          {
   5   1        LCD_Init();
   6   1        LCD_ShowChar(1,1,'A');
   7   1        LCD_ShowString(1,3,"Hello");
   8   1        LCD_ShowNum(1,9,123,3);
   9   1        LCD_ShowSignedNum(1,13,-66,2);
  10   1        LCD_ShowHexNum(2,1,0xA8,2);
  11   1        LCD_ShowBinNum(2,4,0xAA,8);
  12   1        while(1)
  13   1        {
  14   2        }
  15   1      
  16   1      }


MODULE INFORMATION:   STATIC OVERLAYABLE
   CODE SIZE        =     83    ----
   CONSTANT SIZE    =      6    ----
   XDATA SIZE       =   ----    ----
   PDATA SIZE       =   ----    ----
   DATA SIZE        =   ----    ----
   IDATA SIZE       =   ----    ----
   BIT SIZE         =   ----    ----
END OF MODULE INFORMATION.


C51 COMPILATION COMPLETE.  0 WARNING(S),  0 ERROR(S)
