C51 COMPILER V9.54   MAIN                                                                  08/12/2024 19:22:57 PAGE 1   


C51 COMPILER V9.54, COMPILATION OF MODULE MAIN
OBJECT MODULE PLACED IN .\Objects\main.obj
COMPILER INVOKED BY: F:\keli5\C51\BIN\C51.EXE main.c OPTIMIZE(8,SPEED) BROWSE DEBUG OBJECTEXTEND PRINT(.\Listings\main.l
                    -st) TABS(2) OBJECT(.\Objects\main.obj)

line level    source

   1          #include <REGX52.H>
   2          #include <INTRINS.H>
   3          //用于段选 选择LED灯显示什么数字
   4          unsigned char NixieTable[]={0x3F,0x06,0x5B,0x4F,0x66,0x6D,0x7D,0x07,0x7F,0x6F};
   5          
   6          //延时函数
   7          void Delay(unsigned int xms)    //@11.0592MHz
   8          {
   9   1        unsigned char i, j;
  10   1        while(xms--)
  11   1        {
  12   2              _nop_();
  13   2              i = 2;
  14   2              j = 199;
  15   2              do
  16   2              {
  17   3                while (--j);
  18   3              } while (--i);
  19   2              
  20   2        }
  21   1        
  22   1      }
  23          
  24          
  25          void Nixie(unsigned char Location,Number)//第几个LED灯,显示什么数字的函数 
  26          {
  27   1        //位选 选择哪一个LED灯
  28   1        switch(Location)
  29   1        {
  30   2          case 1:P2_4=1;P2_3=1;P2_2=1;break;
  31   2          case 2:P2_4=1;P2_3=1;P2_2=0;break;
  32   2          case 3:P2_4=1;P2_3=0;P2_2=1;break;
  33   2          case 4:P2_4=1;P2_3=0;P2_2=0;break;
  34   2          case 5:P2_4=0;P2_3=1;P2_2=1;break;
  35   2          case 6:P2_4=0;P2_3=1;P2_2=0;break;
  36   2          case 7:P2_4=0;P2_3=0;P2_2=1;break;
  37   2          case 8:P2_4=0;P2_3=0;P2_2=0;break;
  38   2        }
  39   1        P0=NixieTable[Number];//段选 选择LED灯显示什么数字
  40   1        Delay(1);//消影，位选 段选！位选 段选 段选到位选之间数据会错乱 需要把段选的数据清零消除影响 
  41   1        P0=0x00;
  42   1      
  43   1      }
  44          
  45          int main()
  46          {
  47   1        while(1)
  48   1        {
  49   2          Nixie(1,1);
  50   2      
  51   2          Nixie(2,2);
  52   2      
  53   2          Nixie(3,3);
  54   2      
C51 COMPILER V9.54   MAIN                                                                  08/12/2024 19:22:57 PAGE 2   

  55   2        }
  56   1      }


MODULE INFORMATION:   STATIC OVERLAYABLE
   CODE SIZE        =    160    ----
   CONSTANT SIZE    =   ----    ----
   XDATA SIZE       =   ----    ----
   PDATA SIZE       =   ----    ----
   DATA SIZE        =     10    ----
   IDATA SIZE       =   ----    ----
   BIT SIZE         =   ----    ----
END OF MODULE INFORMATION.


C51 COMPILATION COMPLETE.  0 WARNING(S),  0 ERROR(S)
