C51 COMPILER V9.54   NIXIE                                                                 08/12/2024 20:09:26 PAGE 1   


C51 COMPILER V9.54, COMPILATION OF MODULE NIXIE
OBJECT MODULE PLACED IN .\Objects\Nixie.obj
COMPILER INVOKED BY: F:\keli5\C51\BIN\C51.EXE Nixie.c OPTIMIZE(8,SPEED) BROWSE DEBUG OBJECTEXTEND PRINT(.\Listings\Nixie
                    -.lst) TABS(2) OBJECT(.\Objects\Nixie.obj)

line level    source

   1          #include <REGX52.H>
   2          #include "Delay.h"
   3          
   4          //用于段选 选择LED灯显示什么数字
   5          unsigned char NixieTable[]={0x3F,0x06,0x5B,0x4F,0x66,0x6D,0x7D,0x07,0x7F,0x6F};
   6          
   7          void Nixie(unsigned char Location,Number)//第几个LED灯,显示什么数字的函数 
   8          {
   9   1        //位选 选择哪一个LED灯
  10   1        switch(Location)
  11   1        {
  12   2          case 1:P2_4=1;P2_3=1;P2_2=1;break;
  13   2          case 2:P2_4=1;P2_3=1;P2_2=0;break;
  14   2          case 3:P2_4=1;P2_3=0;P2_2=1;break;
  15   2          case 4:P2_4=1;P2_3=0;P2_2=0;break;
  16   2          case 5:P2_4=0;P2_3=1;P2_2=1;break;
  17   2          case 6:P2_4=0;P2_3=1;P2_2=0;break;
  18   2          case 7:P2_4=0;P2_3=0;P2_2=1;break;
  19   2          case 8:P2_4=0;P2_3=0;P2_2=0;break;
  20   2        }
  21   1        P0=NixieTable[Number];//段选 选择LED灯显示什么数字
  22   1        Delay(1);//消影，位选 段选！位选 段选 段选到位选之间数据会错乱 需要把段选的数据清零消除影响 
  23   1        P0=0x00;
  24   1      
  25   1      }


MODULE INFORMATION:   STATIC OVERLAYABLE
   CODE SIZE        =    109    ----
   CONSTANT SIZE    =   ----    ----
   XDATA SIZE       =   ----    ----
   PDATA SIZE       =   ----    ----
   DATA SIZE        =     10    ----
   IDATA SIZE       =   ----    ----
   BIT SIZE         =   ----    ----
END OF MODULE INFORMATION.


C51 COMPILATION COMPLETE.  0 WARNING(S),  0 ERROR(S)
