C51 COMPILER V9.54   MAIN                                                                  08/15/2024 21:35:43 PAGE 1   


C51 COMPILER V9.54, COMPILATION OF MODULE MAIN
OBJECT MODULE PLACED IN .\Objects\main.obj
COMPILER INVOKED BY: F:\keli5\C51\BIN\C51.EXE main.c OPTIMIZE(8,SPEED) BROWSE DEBUG OBJECTEXTEND PRINT(.\Listings\main.l
                    -st) TABS(2) OBJECT(.\Objects\main.obj)

line level    source

   1          #include <REGX52.H>
   2          #include "Delay.h"
   3          #include "MatrixLED.h"
   4          
   5          unsigned char Animation[]={
   6            0x00,0x00,0x00,0x00,0x00,0x00,0x00,0x00,
   7            0xFF,0x08,0x08,0x08,0xFF,0x00,0x0E,0x15,
   8            0x15,0x15,0x08,0x00,0x7E,0x01,0x02,0x00,
   9            0x7E,0x01,0x02,0x00,0x0E,0x11,0x11,0x0E,
  10            0x00,0x7D,0x00,0x00,0x00,0x00,0x00,0x00,
  11            0x00,0x00,0x00,0x00,0x00,0x00,0x00,0x00,
  12          };
  13          
  14          void main()
  15          {
  16   1        unsigned char i,Offset=3,Count=0;
  17   1        MatrixLED_Init();
  18   1        while(1)
  19   1        {
  20   2          for(i=0;i<8;i++)
  21   2          {
  22   3            MatrixLED_ShowColumn(i,Animation[i+Offset]);
  23   3          }
  24   2          Count++;
  25   2          if(Count>10)
  26   2          {
  27   3            Count++;
  28   3            Delay(50);
  29   3            Offset++;
  30   3            if(Offset>32)
  31   3            {
  32   4              Offset=0;
  33   4            }
  34   3          }
  35   2        }
  36   1      }


MODULE INFORMATION:   STATIC OVERLAYABLE
   CODE SIZE        =     69    ----
   CONSTANT SIZE    =   ----    ----
   XDATA SIZE       =   ----    ----
   PDATA SIZE       =   ----    ----
   DATA SIZE        =     48       3
   IDATA SIZE       =   ----    ----
   BIT SIZE         =   ----    ----
END OF MODULE INFORMATION.


C51 COMPILATION COMPLETE.  0 WARNING(S),  0 ERROR(S)
