C51 COMPILER V9.54   MAIN                                                                  08/13/2024 19:04:20 PAGE 1   


C51 COMPILER V9.54, COMPILATION OF MODULE MAIN
OBJECT MODULE PLACED IN .\Objects\main.obj
COMPILER INVOKED BY: F:\keli5\C51\BIN\C51.EXE main.c OPTIMIZE(8,SPEED) BROWSE DEBUG OBJECTEXTEND PRINT(.\Listings\main.l
                    -st) TABS(2) OBJECT(.\Objects\main.obj)

line level    source

   1          #include <REGX52.H>
   2          #include "Timer0.h"
   3          #include "Key.h"
   4          #include <INTRINS.H>
   5          
   6          unsigned char KeyNum,LEDMode;
   7          
   8          void main()
   9          {
  10   1        P2=0xFE;
  11   1        Timer0Init();
  12   1        while(1)
  13   1        {
  14   2          KeyNum=Key();
  15   2          if(KeyNum)
  16   2          {
  17   3            if(KeyNum==1)//只读取K1的按键
  18   3            {
  19   4                LEDMode++;
  20   4                if(LEDMode>=2)LEDMode=0;//控制LEDMode只有0和1
  21   4            }
  22   3          }
  23   2        }
  24   1      }
  25          void Timer0_Routine() interrupt 1
  26          {
  27   1          static unsigned int T0Count;
  28   1          TL0 = 0x66;   //设置定时初值
  29   1          TH0 = 0xFC;   //设置定时初值
  30   1          T0Count++;
  31   1          if(T0Count>=500)//500毫秒
  32   1          {
  33   2            T0Count=0;
  34   2            if(LEDMode==0)
  35   2                P2=_crol_(P2,1);//往左移一位，不用担心溢出
  36   2            if(LEDMode==1)
  37   2                P2=_cror_(P2,1);//往右移一位，不用担心溢出
  38   2          }
  39   1      }


MODULE INFORMATION:   STATIC OVERLAYABLE
   CODE SIZE        =    116    ----
   CONSTANT SIZE    =   ----    ----
   XDATA SIZE       =   ----    ----
   PDATA SIZE       =   ----    ----
   DATA SIZE        =      4    ----
   IDATA SIZE       =   ----    ----
   BIT SIZE         =   ----    ----
END OF MODULE INFORMATION.


C51 COMPILATION COMPLETE.  0 WARNING(S),  0 ERROR(S)
