C51 COMPILER V9.54   AT23C02                                                               08/19/2024 00:56:09 PAGE 1   


C51 COMPILER V9.54, COMPILATION OF MODULE AT23C02
OBJECT MODULE PLACED IN .\Objects\AT23C02.obj
COMPILER INVOKED BY: F:\keli5\C51\BIN\C51.EXE AT23C02.c OPTIMIZE(8,SPEED) BROWSE DEBUG OBJECTEXTEND PRINT(.\Listings\AT2
                    -3C02.lst) TABS(2) OBJECT(.\Objects\AT23C02.obj)

line level    source

   1          #include <REGX52.H>
   2          #include "I2C.h"
   3          
   4          #define AT24C52_ADDRESS 0xA0
   5          
   6          void AT24C02_WriteByte(unsigned char WordAddress,Data)
   7          {
   8   1        unsigned char Ack;
   9   1        I2C_Start();
  10   1        I2C_SendByte(AT24C52_ADDRESS);
  11   1        Ack=I2C_ReceiveAck();
  12   1        if(Ack==0)P2=0x00;
  13   1        
  14   1        
  15   1      }
*** WARNING C280 IN LINE 6 OF AT23C02.c: 'WordAddress': unreferenced local variable
  16          
  17          unsigned char AT24C02_ReadByte(unsigned char WordAddress)
  18          {
  19   1        unsigned char Data;
  20   1        
  21   1        
  22   1        return Data;
  23   1      }
*** WARNING C280 IN LINE 17 OF AT23C02.c: 'WordAddress': unreferenced local variable


MODULE INFORMATION:   STATIC OVERLAYABLE
   CODE SIZE        =     28    ----
   CONSTANT SIZE    =   ----    ----
   XDATA SIZE       =   ----    ----
   PDATA SIZE       =   ----    ----
   DATA SIZE        =   ----       5
   IDATA SIZE       =   ----    ----
   BIT SIZE         =   ----    ----
END OF MODULE INFORMATION.


C51 COMPILATION COMPLETE.  2 WARNING(S),  0 ERROR(S)
