C51 COMPILER V9.54   AT24C02                                                               08/19/2024 01:32:17 PAGE 1   


C51 COMPILER V9.54, COMPILATION OF MODULE AT24C02
OBJECT MODULE PLACED IN .\Objects\AT24C02.obj
COMPILER INVOKED BY: F:\keli5\C51\BIN\C51.EXE AT24C02.c OPTIMIZE(8,SPEED) BROWSE DEBUG OBJECTEXTEND PRINT(.\Listings\AT2
                    -4C02.lst) TABS(2) OBJECT(.\Objects\AT24C02.obj)

line level    source

   1          #include <REGX52.H>
   2          #include "I2C.h"
   3          
   4          #define AT24C52_ADDRESS 0xA0
   5          
   6          /**
   7            * @brief  AT24C52写入一个字节
   8            * @param  WordAddress要写入字节的地址
   9             * @param  Data要写入字节的数据
  10            * @retval 
  11            */
  12          
  13          void AT24C02_WriteByte(unsigned char WordAddress,Data)//根据AT24C02数据帧的流程来确定
  14          {
  15   1        I2C_Start();
  16   1        I2C_SendByte(AT24C52_ADDRESS);
  17   1        I2C_ReceiveAck();
  18   1        I2C_SendByte(WordAddress);
  19   1        I2C_ReceiveAck();
  20   1        I2C_SendByte(Data);
  21   1        I2C_ReceiveAck();
  22   1        I2C_Stop();
  23   1        
  24   1      }
  25          
  26          /**
  27            * @brief  AT24C52读取一个字节
  28            * @param  WordAddress要读出字节的地址
  29            * @retval 读出的数据
  30            */
  31          
  32          unsigned char AT24C02_ReadByte(unsigned char WordAddress)//根据AT24C02数据帧的流程来确定
  33          {
  34   1        unsigned char Data;
  35   1        I2C_Start();
  36   1        I2C_SendByte(AT24C52_ADDRESS);
  37   1        I2C_ReceiveAck();
  38   1        I2C_SendByte(WordAddress);
  39   1        I2C_ReceiveAck();
  40   1        
  41   1        I2C_Start();
  42   1        I2C_SendByte(AT24C52_ADDRESS|0x01);
  43   1        I2C_ReceiveAck();
  44   1        Data=I2C_ReceiveByte();
  45   1        I2C_SendAck(1);//不应答
  46   1        I2C_Stop();
  47   1        return Data;
  48   1      }


MODULE INFORMATION:   STATIC OVERLAYABLE
   CODE SIZE        =     84    ----
   CONSTANT SIZE    =   ----    ----
   XDATA SIZE       =   ----    ----
C51 COMPILER V9.54   AT24C02                                                               08/19/2024 01:32:17 PAGE 2   

   PDATA SIZE       =   ----    ----
   DATA SIZE        =   ----       5
   IDATA SIZE       =   ----    ----
   BIT SIZE         =   ----    ----
END OF MODULE INFORMATION.


C51 COMPILATION COMPLETE.  0 WARNING(S),  0 ERROR(S)
