C51 COMPILER V9.54   I2C                                                                   08/19/2024 01:32:17 PAGE 1   


C51 COMPILER V9.54, COMPILATION OF MODULE I2C
OBJECT MODULE PLACED IN .\Objects\I2C.obj
COMPILER INVOKED BY: F:\keli5\C51\BIN\C51.EXE I2C.c OPTIMIZE(8,SPEED) BROWSE DEBUG OBJECTEXTEND PRINT(.\Listings\I2C.lst
                    -) TABS(2) OBJECT(.\Objects\I2C.obj)

line level    source

   1          #include <REGX52.H>
   2          #include <INTRINS.H>
   3          
   4          sbit I2C_SCL=P2^1;
   5          sbit I2C_SDA=P2^0;
   6          
   7          /**
   8            * @brief  I2C开始
   9            * @param  无
  10            * @retval 无
  11            */
  12          
  13          void I2C_Start()//根据I2C的时序结构图来确定的
  14          {
  15   1          I2C_SDA=1;
  16   1          I2C_SCL=1;
  17   1          I2C_SDA=0;//起始条件：SCL高电平期间，SDA从高电平切换到低电平
  18   1          I2C_SCL=0;
  19   1      }
  20          /**
  21            * @brief  I2C停止
  22            * @param  无
  23            * @retval 无
  24            */
  25          void I2C_Stop()//根据I2C的时序结构图来确定的
  26          {
  27   1          I2C_SDA=0;
  28   1          I2C_SCL=1;
  29   1          I2C_SDA=1;//终止条件：SCL高电平期间，SDA从低电平切换到高电平
  30   1      }
  31          /**
  32            * @brief  I2C发送一个字节
  33            * @param  无
  34            * @retval 无
  35            */
  36          void I2C_SendByte(unsigned char Byte)
  37          {
  38   1        unsigned char i;
  39   1        for(i=0;i<8;i++)
  40   1        {
  41   2          I2C_SDA=Byte&(0x80>>i);//依次把数据位放在SDA线上
  42   2          I2C_SCL=1;//拉高SCL,从机将在SCL高电平期间读取数据位
  43   2          I2C_SCL=0;
  44   2        }
  45   1      }
  46          /**
  47            * @brief  I2C接收一个字节
  48            * @param  无
  49            * @retval 接收到的字节数据
  50            */
  51          unsigned char I2C_ReceiveByte(void)
  52          {
  53   1        unsigned char i,Byte=0x00;//用来接收的
  54   1        
C51 COMPILER V9.54   I2C                                                                   08/19/2024 01:32:17 PAGE 2   

  55   1        I2C_SDA=1;
  56   1        for(i=0;i<8;i++)
  57   1        {
  58   2          I2C_SCL=1;
  59   2          if(I2C_SDA){Byte|=(0x80>>i);}//如果SDA读取到是1，那么就写入Byte中
  60   2          I2C_SCL=0;
  61   2        }
  62   1        return Byte;
  63   1      }
  64          /**
  65            * @brief  I2C发送应答
  66            * @param  AckBit应答位，0为应答，1为非应答
  67            * @retval 无
  68            */
  69          void I2C_SendAck(unsigned char AckBit)//发送应答
  70          {
  71   1          I2C_SDA=AckBit;//应答位
  72   1          I2C_SCL=1;//拉高，根据I2C的时序结构图
  73   1          I2C_SCL=0;//拉低，根据I2C的时序结构图
  74   1      
  75   1      }
  76          /**
  77            * @brief  I2C接收应答
  78            * @param  无
  79            * @retval  接收到的应答位，0为应答，1为非应答
  80            */
  81          unsigned char I2C_ReceiveAck(void)//接收应答
  82          {
  83   1          unsigned char AckBit;//存储接收到的应答
  84   1          I2C_SDA=1;
  85   1          I2C_SCL=1;
  86   1          AckBit=I2C_SDA;
  87   1          I2C_SCL=0;
  88   1          return AckBit;
  89   1      }
  90          
  91          
  92          
  93          


MODULE INFORMATION:   STATIC OVERLAYABLE
   CODE SIZE        =    109    ----
   CONSTANT SIZE    =   ----    ----
   XDATA SIZE       =   ----    ----
   PDATA SIZE       =   ----    ----
   DATA SIZE        =   ----    ----
   IDATA SIZE       =   ----    ----
   BIT SIZE         =   ----    ----
END OF MODULE INFORMATION.


C51 COMPILATION COMPLETE.  0 WARNING(S),  0 ERROR(S)
