C51 COMPILER V9.54   MAIN                                                                  08/19/2024 01:32:16 PAGE 1   


C51 COMPILER V9.54, COMPILATION OF MODULE MAIN
OBJECT MODULE PLACED IN .\Objects\main.obj
COMPILER INVOKED BY: F:\keli5\C51\BIN\C51.EXE main.c OPTIMIZE(8,SPEED) BROWSE DEBUG OBJECTEXTEND PRINT(.\Listings\main.l
                    -st) TABS(2) OBJECT(.\Objects\main.obj)

line level    source

   1          #include <REGX52.H>
   2          #include "LCD1602.h"
   3          #include "Key.h"
   4          #include "AT24C02.h"
   5          #include "Delay.h"
   6          unsigned char KeyNum;
   7          unsigned int Num;
   8          
   9          void main()
  10          {
  11   1        LCD_Init();
  12   1        LCD_ShowNum(1,1,Num,5);
  13   1      //  AT24C02_WriteByte(0,147);
  14   1      //  //Delay(5);
  15   1      //  AT24C02_WriteByte(1,147);
  16   1      //  Delay(5);
  17   1      //  AT24C02_WriteByte(2,147);
  18   1      //  Delay(5);
  19   1      //  Data=AT24C02_ReadByte(1);
  20   1      //  LCD_ShowNum(2,1,Data,3);
  21   1        while(1)
  22   1        {
  23   2          KeyNum=Key();//按的哪一个按键
  24   2          if(KeyNum==1)
  25   2          {
  26   3              Num++;
  27   3              LCD_ShowNum(1,1,Num,5);
  28   3          }
  29   2          if(KeyNum==2)
  30   2          {
  31   3              Num--;
  32   3              LCD_ShowNum(1,1,Num,5);
  33   3          }
  34   2          if(KeyNum==3)
  35   2          {
  36   3              AT24C02_WriteByte(0,Num%256);//低八位
  37   3              Delay(5);
  38   3              AT24C02_WriteByte(1,Num/256);//高八位
  39   3              Delay(5);
  40   3              LCD_ShowString(2,1,"Write OK");
  41   3              Delay(1000);
  42   3              LCD_ShowString(2,1,"        ");
  43   3          }
  44   2          if(KeyNum==4)
  45   2          {
  46   3              Num=AT24C02_ReadByte(0);
  47   3              Num|=AT24C02_ReadByte(1)<<8;
  48   3              LCD_ShowNum(1,1,Num,5);
  49   3              LCD_ShowString(2,1,"Read OK");
  50   3              Delay(1000);
  51   3              LCD_ShowString(2,1,"        ");
  52   3          }
  53   2          
  54   2        }
C51 COMPILER V9.54   MAIN                                                                  08/19/2024 01:32:16 PAGE 2   

  55   1      }


MODULE INFORMATION:   STATIC OVERLAYABLE
   CODE SIZE        =    223    ----
   CONSTANT SIZE    =     26    ----
   XDATA SIZE       =   ----    ----
   PDATA SIZE       =   ----    ----
   DATA SIZE        =      3    ----
   IDATA SIZE       =   ----    ----
   BIT SIZE         =   ----    ----
END OF MODULE INFORMATION.


C51 COMPILATION COMPLETE.  0 WARNING(S),  0 ERROR(S)
